src/tnh_scholar/text_processing/numbered_text.py:407: error: Argument 1 to "_check_line_structure" has incompatible type "Match[str]"; expected "str"  [arg-type]
src/tnh_scholar/text_processing/bracket.py:182: error: Incompatible return value type (got "str", expected "list[str]")  [return-value]
src/tnh_scholar/video_processing/video_processing.py:166: error: "object" has no attribute "extend"  [attr-defined]
src/tnh_scholar/text_processing/clean_parse_tag.py:191: error: Need type annotation for "attributes_with_values" (hint: "attributes_with_values: dict[<type>, <type>] = ...")  [var-annotated]
src/tnh_scholar/xml_processing/xml_processing.py:184: error: Need type annotation for "current_page" (hint: "current_page: list[<type>] = ...")  [var-annotated]
src/tnh_scholar/utils/user_io_utils.py:17: error: Returning Any from function declared to return "str"  [no-any-return]
src/tnh_scholar/utils/user_io_utils.py:17: error: Module has no attribute "getch"  [attr-defined]
src/tnh_scholar/openai_interface/run_oa_batch_jobs.py:26: error: Returning Any from function declared to return "list[dict[Any, Any]]"  [no-any-return]
src/tnh_scholar/openai_interface/run_oa_batch_jobs.py:119: error: Name "calculate_enqueued_tokens" already defined on line 32  [no-redef]
src/tnh_scholar/openai_interface/run_oa_batch_jobs.py:144: error: Name "process_batch_files" already defined on line 43  [no-redef]
src/tnh_scholar/openai_interface/run_oa_batch_jobs.py:212: error: Name "main" already defined on line 82  [no-redef]
src/tnh_scholar/ai_text_processing/lang.py:35: error: Returning Any from function declared to return "str"  [no-any-return]
src/tnh_scholar/ai_text_processing/lang.py:42: error: Returning Any from function declared to return "str"  [no-any-return]
src/tnh_scholar/cli_tools/tnh_fab/tnh_fab.py:45: note: By default the bodies of untyped functions are not checked, consider using --check-untyped-defs  [annotation-unchecked]
src/tnh_scholar/cli_tools/tnh_fab/tnh_fab.py:46: note: By default the bodies of untyped functions are not checked, consider using --check-untyped-defs  [annotation-unchecked]
src/tnh_scholar/cli_tools/tnh_fab/tnh_fab.py:47: note: By default the bodies of untyped functions are not checked, consider using --check-untyped-defs  [annotation-unchecked]
src/tnh_scholar/ai_text_processing/ai_text_processing.py:13: error: Name "Pattern" already defined (possibly by an import)  [no-redef]
src/tnh_scholar/ai_text_processing/ai_text_processing.py:80: error: Cannot determine type of "_pattern_manager"  [has-type]
src/tnh_scholar/ai_text_processing/ai_text_processing.py:232: error: "Pattern[Any]" has no attribute "apply_template"  [attr-defined]
src/tnh_scholar/ai_text_processing/ai_text_processing.py:348: error: "Pattern[Any]" has no attribute "apply_template"  [attr-defined]
src/tnh_scholar/ai_text_processing/ai_text_processing.py:565: error: Returning Any from function declared to return "int"  [no-any-return]
src/tnh_scholar/ai_text_processing/ai_text_processing.py:684: error: "Pattern[Any]" has no attribute "apply_template"  [attr-defined]
src/tnh_scholar/ai_text_processing/ai_text_processing.py:699: error: Item "str" of "str | Any" has no attribute "sections"  [union-attr]
src/tnh_scholar/ai_text_processing/ai_text_processing.py:734: error: Need type annotation for "covered_lines" (hint: "covered_lines: set[<type>] = ...")  [var-annotated]
src/tnh_scholar/ai_text_processing/ai_text_processing.py:863: error: "Pattern[Any]" has no attribute "name"  [attr-defined]
src/tnh_scholar/ai_text_processing/ai_text_processing.py:885: error: "Pattern[Any]" has no attribute "apply_template"  [attr-defined]
src/tnh_scholar/ai_text_processing/ai_text_processing.py:916: error: "Pattern[Any]" has no attribute "name"  [attr-defined]
src/tnh_scholar/ai_text_processing/ai_text_processing.py:925: error: "Pattern[Any]" has no attribute "apply_template"  [attr-defined]
src/tnh_scholar/ai_text_processing/ai_text_processing.py:980: error: "Pattern[Any]" has no attribute "apply_template"  [attr-defined]
src/tnh_scholar/ai_text_processing/ai_text_processing.py:1094: error: Returning Any from function declared to return "Pattern[Any]"  [no-any-return]
src/tnh_scholar/audio_processing/audio.py:92: error: Incompatible return value type (got "tuple[list[Boundary], dict[str, Any]]", expected "list[Boundary]")  [return-value]
src/tnh_scholar/audio_processing/audio.py:134: error: Incompatible return value type (got "list[Boundary]", expected "tuple[list[Boundary], dict[Any, Any]]")  [return-value]
src/tnh_scholar/audio_processing/audio.py:147: error: Incompatible return value type (got "list[Boundary]", expected "tuple[list[Boundary], dict[Any, Any]]")  [return-value]
src/tnh_scholar/audio_processing/audio.py:284: error: Incompatible types in assignment (expression has type "tuple[list[Boundary], dict[Any, Any]]", variable has type "Boundary")  [assignment]
src/tnh_scholar/audio_processing/audio.py:296: error: Argument 2 to "split_audio_at_boundaries" has incompatible type "Boundary"; expected "list[Boundary]"  [arg-type]
src/tnh_scholar/audio_processing/audio.py:451: error: Returning Any from function declared to return "dict[str, Any]"  [no-any-return]
src/tnh_scholar/ai_text_processing/patterns.py:11: error: Library stubs not installed for "yaml"  [import-untyped]
src/tnh_scholar/ai_text_processing/patterns.py:11: note: Hint: "python3 -m pip install types-PyYAML"
src/tnh_scholar/ai_text_processing/patterns.py:11: note: (or run "mypy --install-types" to install all missing stub packages)
src/tnh_scholar/ai_text_processing/patterns.py:11: note: See https://mypy.readthedocs.io/en/stable/running_mypy.html#missing-imports
src/tnh_scholar/ai_text_processing/patterns.py:141: error: Returning Any from function declared to return "str"  [no-any-return]
src/tnh_scholar/ai_text_processing/patterns.py:219: error: Incompatible types in assignment (expression has type "str", variable has type "MarkdownStr")  [assignment]
src/tnh_scholar/ai_text_processing/patterns.py:350: error: Returning Any from function declared to return "str"  [no-any-return]
src/tnh_scholar/ai_text_processing/patterns.py:469: error: If x = b'abc' then f"{x}" or "{}".format(x) produces "b'abc'", not "abc". If this is desired behavior, use f"{x!r}" or "{!r}".format(x). Otherwise, decode the bytes  [str-bytes-safe]
src/tnh_scholar/ai_text_processing/patterns.py:840: error: Need type annotation for "seen_names" (hint: "seen_names: dict[<type>, <type>] = ...")  [var-annotated]
src/tnh_scholar/cli_tools/audio_transcribe/version_check.py:4: error: Library stubs not installed for "requests"  [import-untyped]
src/tnh_scholar/cli_tools/audio_transcribe/version_check.py:4: note: Hint: "python3 -m pip install types-requests"
src/tnh_scholar/ocr_processing/development/st_test6.py:92: error: Returning Any from function declared to return "Page"  [no-any-return]
src/tnh_scholar/ocr_processing/development/st_test4.py:20: error: Argument "args" has incompatible type "list[Any]"; expected "tuple[Any, ...]"  [arg-type]
src/tnh_scholar/openai_interface/openai_interface.py:98: error: Function "builtins.callable" is not valid as a type  [valid-type]
src/tnh_scholar/openai_interface/openai_interface.py:98: note: Perhaps you meant "typing.Callable" instead of "callable"?
src/tnh_scholar/openai_interface/openai_interface.py:108: error: callable? not callable  [misc]
src/tnh_scholar/openai_interface/openai_interface.py:122: error: Incompatible types in assignment (expression has type "float", variable has type "int")  [assignment]
src/tnh_scholar/openai_interface/openai_interface.py:129: error: Incompatible types in assignment (expression has type "float", variable has type "int")  [assignment]
src/tnh_scholar/openai_interface/openai_interface.py:185: error: Incompatible types in assignment (expression has type "float", variable has type "int")  [assignment]
src/tnh_scholar/openai_interface/openai_interface.py:192: error: Incompatible types in assignment (expression has type "float", variable has type "int")  [assignment]
src/tnh_scholar/openai_interface/openai_interface.py:316: error: List item 0 has incompatible type "float"; expected "int"  [list-item]
src/tnh_scholar/openai_interface/openai_interface.py:348: error: Unsupported target for indexed assignment ("Collection[str]")  [index]
src/tnh_scholar/openai_interface/openai_interface.py:350: error: Unsupported target for indexed assignment ("Collection[str]")  [index]
src/tnh_scholar/openai_interface/openai_interface.py:604: error: Incompatible return value type (got "Literal[True] | list[Any]", expected "list[str]")  [return-value]
src/tnh_scholar/openai_interface/openai_interface.py:610: error: Function "builtins.callable" is not valid as a type  [valid-type]
src/tnh_scholar/openai_interface/openai_interface.py:610: note: Perhaps you meant "typing.Callable" instead of "callable"?
src/tnh_scholar/openai_interface/openai_interface.py:767: error: Returning Any from function declared to return "list[str]"  [no-any-return]
src/tnh_scholar/ocr_processing/ocr_processing.py:386: error: Returning Any from function declared to return "list[EntityAnnotation]"  [no-any-return]
src/tnh_scholar/ocr_processing/ocr_processing.py:428: error: "list[EntityAnnotation]" has no attribute "text_annotations"  [attr-defined]
src/tnh_scholar/ocr_processing/ocr_processing.py:530: error: Argument 3 to "process_page" has incompatible type "Path"; expected "str"  [arg-type]
src/tnh_scholar/ocr_processing/ocr_processing.py:758: error: Incompatible return value type (got "tuple[Any, list[list[EntityAnnotation]], list[ImageFile], list[ImageFile]]", expected "tuple[list[str], list[list[EntityAnnotation]], list[Image], list[Image]]")  [return-value]
Found 58 errors in 16 files (checked 62 source files)
